c:\users\caroline\documents\cis_660_windows\terrainshaper\debug\myplugin.pdb
c:\users\caroline\documents\cis_660_windows\terrainshaper\.debug\vec.obj
c:\users\caroline\documents\cis_660_windows\terrainshaper\.debug\terrainshapernode.obj
c:\users\caroline\documents\cis_660_windows\terrainshaper\.debug\pluginmain2.obj
c:\users\caroline\documents\cis_660_windows\terrainshaper\.debug\pluginmain.obj
c:\users\caroline\documents\cis_660_windows\terrainshaper\.debug\graph.obj
c:\users\caroline\documents\cis_660_windows\terrainshapernode\debug\myplugin.pdb
c:\users\caroline\documents\cis_660_windows\terrainshapernode\.debug\vec.obj
c:\users\caroline\documents\cis_660_windows\terrainshapernode\.debug\terrainshapernode.obj
c:\users\caroline\documents\cis_660_windows\terrainshapernode\.debug\pluginmain.obj
c:\users\caroline\documents\cis_660_windows\terrainshapernode\.debug\graph.obj
c:\users\caroline\documents\cis_660_windows\terrainshaper\terrainshaper.ilk
c:\users\caroline\documents\cis_660_windows\terrainshaper\terrainshaper.mll
c:\users\caroline\documents\cis_660_windows\terrainshapernode\terrainshaper.ilk
c:\users\caroline\documents\cis_660_windows\terrainshapernode\terrainshaper.mll
c:\users\caroline\documents\cis_660_windows\terrainshaper\debug\myplugin.lib
c:\users\caroline\documents\cis_660_windows\terrainshaper\debug\myplugin.exp
c:\users\caroline\documents\cis_660_windows\terrainshapernode\debug\myplugin.lib
c:\users\caroline\documents\cis_660_windows\terrainshapernode\debug\myplugin.exp
c:\users\caroline\documents\cis_660_windows\terrainshapernode\x64\debug\terrainshaper.tlog\cl.command.1.tlog
c:\users\caroline\documents\cis_660_windows\terrainshapernode\x64\debug\terrainshaper.tlog\cl.read.1.tlog
c:\users\caroline\documents\cis_660_windows\terrainshapernode\x64\debug\terrainshaper.tlog\cl.write.1.tlog
c:\users\caroline\documents\cis_660_windows\terrainshapernode\x64\debug\terrainshaper.tlog\link.command.1.tlog
c:\users\caroline\documents\cis_660_windows\terrainshapernode\x64\debug\terrainshaper.tlog\link.read.1.tlog
c:\users\caroline\documents\cis_660_windows\terrainshapernode\x64\debug\terrainshaper.tlog\link.write.1.tlog
c:\users\caroline\documents\cis_660_windows\terrainshapernode\x64\debug\terrainshaper.tlog\terrainshaper.write.1u.tlog
